# JRE version: OpenJDK Runtime Environment (11.0.4+11) (build 11.0.4+11-post-Ubuntu-1ubuntu219.04)
# Java VM: OpenJDK 64-Bit Server VM (11.0.4+11-post-Ubuntu-1ubuntu219.04, mixed mode, sharing, tiered, compressed oops, g1 gc, linux-amd64)
Heap:
 garbage-first heap   total 620544K, used 158681K [0x00000000c4600000, 0x0000000100000000)
  region size 1024K, 1 young (1024K), 1 survivors (1024K)
 Metaspace       used 33005K, capacity 33769K, committed 34432K, reserved 1079296K
  class space    used 3794K, capacity 4128K, committed 4224K, reserved 1048576K
GC Heap History (10 events):
Event: 42,349 GC heap before
{Heap before GC invocations=9 (full 0):
 garbage-first heap   total 63488K, used 25755K [0x00000000c4600000, 0x0000000100000000)
  region size 1024K, 3 young (3072K), 3 survivors (3072K)
 Metaspace       used 33005K, capacity 33769K, committed 34432K, reserved 1079296K
  class space    used 3794K, capacity 4128K, committed 4224K, reserved 1048576K
}
Event: 42,354 GC heap after
{Heap after GC invocations=10 (full 0):
 garbage-first heap   total 63488K, used 20623K [0x00000000c4600000, 0x0000000100000000)
  region size 1024K, 2 young (2048K), 2 survivors (2048K)
 Metaspace       used 33005K, capacity 33769K, committed 34432K, reserved 1079296K
  class space    used 3794K, capacity 4128K, committed 4224K, reserved 1048576K
}
Event: 42,484 GC heap before
{Heap before GC invocations=11 (full 0):
 garbage-first heap   total 63488K, used 40079K [0x00000000c4600000, 0x0000000100000000)
  region size 1024K, 2 young (2048K), 2 survivors (2048K)
 Metaspace       used 33005K, capacity 33769K, committed 34432K, reserved 1079296K
  class space    used 3794K, capacity 4128K, committed 4224K, reserved 1048576K
}
Event: 42,486 GC heap after
{Heap after GC invocations=12 (full 0):
 garbage-first heap   total 63488K, used 29714K [0x00000000c4600000, 0x0000000100000000)
  region size 1024K, 1 young (1024K), 1 survivors (1024K)
 Metaspace       used 33005K, capacity 33769K, committed 34432K, reserved 1079296K
  class space    used 3794K, capacity 4128K, committed 4224K, reserved 1048576K
}
Event: 42,757 GC heap before
{Heap before GC invocations=13 (full 0):
 garbage-first heap   total 101376K, used 67602K [0x00000000c4600000, 0x0000000100000000)
  region size 1024K, 1 young (1024K), 1 survivors (1024K)
 Metaspace       used 33005K, capacity 33769K, committed 34432K, reserved 1079296K
  class space    used 3794K, capacity 4128K, committed 4224K, reserved 1048576K
}
Event: 42,760 GC heap after
{Heap after GC invocations=14 (full 0):
 garbage-first heap   total 101376K, used 48145K [0x00000000c4600000, 0x0000000100000000)
  region size 1024K, 1 young (1024K), 1 survivors (1024K)
 Metaspace       used 33005K, capacity 33769K, committed 34432K, reserved 1079296K
  class space    used 3794K, capacity 4128K, committed 4224K, reserved 1048576K
}
Event: 43,970 GC heap before
{Heap before GC invocations=15 (full 0):
 garbage-first heap   total 176128K, used 122897K [0x00000000c4600000, 0x0000000100000000)
  region size 1024K, 1 young (1024K), 1 survivors (1024K)
 Metaspace       used 33005K, capacity 33769K, committed 34432K, reserved 1079296K
  class space    used 3794K, capacity 4128K, committed 4224K, reserved 1048576K
}
Event: 43,975 GC heap after
{Heap after GC invocations=16 (full 0):
 garbage-first heap   total 176128K, used 84975K [0x00000000c4600000, 0x0000000100000000)
  region size 1024K, 1 young (1024K), 1 survivors (1024K)
 Metaspace       used 33005K, capacity 33769K, committed 34432K, reserved 1079296K
  class space    used 3794K, capacity 4128K, committed 4224K, reserved 1048576K
}
Event: 49,407 GC heap before
{Heap before GC invocations=17 (full 0):
 garbage-first heap   total 324608K, used 233455K [0x00000000c4600000, 0x0000000100000000)
  region size 1024K, 1 young (1024K), 1 survivors (1024K)
 Metaspace       used 33005K, capacity 33769K, committed 34432K, reserved 1079296K
  class space    used 3794K, capacity 4128K, committed 4224K, reserved 1048576K
}
Event: 49,507 GC heap after
{Heap after GC invocations=18 (full 0):
 garbage-first heap   total 324608K, used 158681K [0x00000000c4600000, 0x0000000100000000)
  region size 1024K, 1 young (1024K), 1 survivors (1024K)
 Metaspace       used 33005K, capacity 33769K, committed 34432K, reserved 1079296K
  class space    used 3794K, capacity 4128K, committed 4224K, reserved 1048576K
}

